<?xml version="1.0" encoding="UTF-8"?>
<!-- Generated by org.testng.reporters.JUnitXMLReporter -->
<testsuite hostname="abatool-PC" name="Default test" tests="4" failures="0" timestamp="13 Apr 2015 06:38:28 GMT" time="80.625" errors="0">
  <testcase name="LoginToConfluence" time="26.485" classname="testCases.TestCases"/>
  <testcase name="OpenNewPage" time="16.696" classname="testCases.TestCases"/>
  <testcase name="PageContent" time="13.299" classname="testCases.TestCases"/>
  <testcase name="AddRestrictionsToPage" time="24.124" classname="testCases.TestCases"/>
</testsuite> <!-- Default test -->
